
--------------------begin------------------------

[2018/07/23 11:52:32.684252][e][6ddfd42c9] mqtt出错: EOF

--------------------begin------------------------

[2018/07/23 11:52:37.990060][e][a419503c4] mqtt出错: EOF

--------------------begin------------------------

[2018/07/23 11:52:54.302541][e][6ee107f5b] mqtt出错: EOF

--------------------begin------------------------

[2018/07/23 15:26:16.586305][i][73feb8001] 成功连接到服务器
[2018/07/23 15:26:17.91578][i][6031c41da] 成功连接到服务器
[2018/07/23 15:26:17.91579][i][73feb8001] 成功连接到服务器
[2018/07/23 15:26:20.91534][i][6031c41da] 成功连接到服务器
[2018/07/23 15:26:22.93034][i][73feb8001] 成功连接到服务器
[2018/07/23 15:26:25.92869][i][6031c41da] 成功连接到服务器

--------------------begin------------------------

[2018/07/23 15:28:10.594517][i][cda3a4ddc] publisher成功连接到服务器
[2018/07/23 15:28:10.942507][i][e1a5819ba] consumer成功连接到服务器
[2018/07/23 15:28:10.943599][i][cda3a4ddc] publisher成功连接到服务器
[2018/07/23 15:28:13.942864][i][e1a5819ba] consumer成功连接到服务器
[2018/07/23 15:28:15.945098][i][cda3a4ddc] publisher成功连接到服务器
[2018/07/23 15:28:18.944502][i][e1a5819ba] consumer成功连接到服务器

--------------------begin------------------------

[2018/07/23 15:29:16.698582][e][ac0ef3394] 连接失败: 连接失败:dial tcp 222.209.84.37:11883: connect: network is unreachable(222.209.84.37:11883-mosquittouser/abc123$)
[2018/07/23 15:29:16.954616][e][75f6fed52] 连接失败: 连接失败:dial tcp 222.209.84.37:11883: connect: network is unreachable(222.209.84.37:11883-mosquittouser/abc123$)
[2018/07/23 15:29:17.494981][e][ac0ef3394] 连接失败: 连接失败:dial tcp 222.209.84.37:11883: connect: network is unreachable(222.209.84.37:11883-mosquittouser/abc123$)
[2018/07/23 15:29:18.493072][e][75f6fed52] 连接失败: 连接失败:dial tcp 222.209.84.37:11883: connect: network is unreachable(222.209.84.37:11883-mosquittouser/abc123$)
[2018/07/23 15:29:21.698985][e][ac0ef3394] 连接失败: 连接失败:dial tcp 222.209.84.37:11883: connect: network is unreachable(222.209.84.37:11883-mosquittouser/abc123$)
[2018/07/23 15:29:21.954873][e][75f6fed52] 连接失败: 连接失败:dial tcp 222.209.84.37:11883: connect: network is unreachable(222.209.84.37:11883-mosquittouser/abc123$)
[2018/07/23 15:29:22.495343][e][ac0ef3394] 连接失败: 连接失败:dial tcp 222.209.84.37:11883: connect: network is unreachable(222.209.84.37:11883-mosquittouser/abc123$)
[2018/07/23 15:29:23.493491][e][75f6fed52] 连接失败: 连接失败:dial tcp 222.209.84.37:11883: connect: network is unreachable(222.209.84.37:11883-mosquittouser/abc123$)
[2018/07/23 15:29:26.700239][i][ac0ef3394] publisher成功连接到服务器
[2018/07/23 15:29:26.956402][i][75f6fed52] consumer成功连接到服务器
[2018/07/23 15:29:27.496824][i][ac0ef3394] publisher成功连接到服务器
[2018/07/23 15:29:28.495124][i][75f6fed52] consumer成功连接到服务器
[2018/07/23 15:29:32.499007][i][ac0ef3394] publisher成功连接到服务器
[2018/07/23 15:29:33.497114][i][75f6fed52] consumer成功连接到服务器

--------------------begin------------------------

[2018/07/23 15:31:52.953380][i][876b8eeb1] consumer成功连接到服务器
[2018/07/23 15:31:53.955093][i][55ff7fe4e] publisher成功连接到服务器
[2018/07/23 15:31:55.952307][e][876b8eeb1] 连接失败: 连接失败:dial tcp 222.209.84.37:11883: connect: network is unreachable(222.209.84.37:11883-mosquittouser/abc123$)
[2018/07/23 15:31:55.953931][e][55ff7fe4e] 连接失败: 连接失败:dial tcp 222.209.84.37:11883: connect: network is unreachable(222.209.84.37:11883-mosquittouser/abc123$)
[2018/07/23 15:32:00.953595][i][876b8eeb1] consumer成功连接到服务器
[2018/07/23 15:32:00.954732][i][55ff7fe4e] publisher成功连接到服务器
[2018/07/23 15:32:05.275562][i][55ff7fe4e] publisher成功连接到服务器
[2018/07/23 15:32:05.954960][i][876b8eeb1] consumer成功连接到服务器
[2018/07/23 15:32:05.955392][i][55ff7fe4e] publisher成功连接到服务器
[2018/07/23 15:32:05.955831][i][55ff7fe4e] publisher成功连接到服务器
[2018/07/23 15:32:06.955472][i][876b8eeb1] consumer成功连接到服务器
[2018/07/23 15:32:09.955037][i][876b8eeb1] consumer成功连接到服务器
[2018/07/23 15:32:10.956680][i][55ff7fe4e] publisher成功连接到服务器
[2018/07/23 15:32:14.956234][i][876b8eeb1] consumer成功连接到服务器

--------------------begin------------------------

[2018/07/23 15:34:52.394022][i][5c51fef97] publisher成功连接到服务器
[2018/07/23 15:34:54.389698][i][e8f561830] consumer成功连接到服务器
[2018/07/23 15:34:54.392427][i][5c51fef97] publisher成功连接到服务器
[2018/07/23 15:34:59.393362][i][5c51fef97] publisher成功连接到服务器

--------------------begin------------------------

[2018/07/23 15:38:37.417873][i][395e7bf24] publisher成功连接到服务器
[2018/07/23 15:38:38.414444][i][0ebbe44c9] consumer成功连接到服务器
[2018/07/23 15:39:49.424424][i][395e7bf24] publisher成功连接到服务器
[2018/07/23 15:39:52.420427][i][0ebbe44c9] consumer成功连接到服务器
[2018/07/23 15:40:49.429692][i][395e7bf24] publisher成功连接到服务器
[2018/07/23 15:40:51.425180][i][0ebbe44c9] consumer成功连接到服务器
[2018/07/23 15:42:17.431533][i][0ebbe44c9] consumer成功连接到服务器

--------------------begin------------------------

[2018/07/23 15:45:01.972964][d][f23cd2a66] 连接到服务器: 222.209.84.37:11883
[2018/07/23 15:45:02.970794][d][8bb9ce7ee] 连接到服务器: 222.209.84.37:11883
[2018/07/23 15:45:03.972364][d][f23cd2a66] 连接到服务器: 222.209.84.37:11883
[2018/07/23 15:45:03.974231][i][f23cd2a66] publisher成功连接到服务器
[2018/07/23 15:45:05.970300][d][8bb9ce7ee] 连接到服务器: 222.209.84.37:11883
[2018/07/23 15:45:05.971543][i][8bb9ce7ee] consumer成功连接到服务器

---------------------end-------------------------

--------------------begin------------------------

[2018/07/23 15:59:06.194532][d][b3de4e6f5] 与服务器断开连接，准备重连
[2018/07/23 15:59:06.195775][i][b3de4e6f5] consumer成功连接到服务器
[2018/07/23 15:59:07.195979][d][ed7f3b94f] 与服务器断开连接，准备重连
[2018/07/23 15:59:07.197095][i][ed7f3b94f] publisher成功连接到服务器
[2018/07/23 15:59:31.198164][d][ed7f3b94f] 与服务器断开连接，准备重连
[2018/07/23 15:59:31.199214][i][ed7f3b94f] publisher成功连接到服务器
[2018/07/23 15:59:33.197219][d][b3de4e6f5] 与服务器断开连接，准备重连
[2018/07/23 15:59:33.198669][i][b3de4e6f5] consumer成功连接到服务器

--------------------begin------------------------

[2018/07/23 16:01:29.883856][d][c8b463016] 与服务器断开连接，准备重连
[2018/07/23 16:01:29.884783][i][c8b463016] consumer成功连接到服务器
[2018/07/23 16:01:30.885536][d][520b57042] 与服务器断开连接，准备重连
[2018/07/23 16:01:30.886448][i][520b57042] publisher成功连接到服务器

--------------------begin------------------------

[2018/07/23 16:06:17.235380][d][285e137bd] publisher与服务器断开连接，准备重连
[2018/07/23 16:06:17.236918][i][285e137bd] publisher成功连接到服务器
[2018/07/23 16:06:19.233331][d][4f293aafb] consumer与服务器断开连接，准备重连
[2018/07/23 16:06:19.235067][i][4f293aafb] consumer成功连接到服务器
[2018/07/23 16:07:17.239987][d][285e137bd] publisher与服务器断开连接，准备重连
[2018/07/23 16:07:17.241410][i][285e137bd] publisher成功连接到服务器
[2018/07/23 16:07:19.237785][d][4f293aafb] consumer与服务器断开连接，准备重连
[2018/07/23 16:07:19.239235][i][4f293aafb] consumer成功连接到服务器
[2018/07/23 16:09:04.244964][d][4f293aafb] consumer与服务器断开连接，准备重连
[2018/07/23 16:09:04.246990][i][4f293aafb] consumer成功连接到服务器
[2018/07/23 16:09:14.247478][d][285e137bd] publisher与服务器断开连接，准备重连
[2018/07/23 16:09:14.248852][i][285e137bd] publisher成功连接到服务器

--------------------begin------------------------

[2018/07/23 16:13:24.889258][d][b1c0ca6c7] publisher与服务器断开连接，准备重连
[2018/07/23 16:13:24.890337][i][b1c0ca6c7] publisher成功连接到服务器
[2018/07/23 16:13:26.888300][d][439a344be] consumer与服务器断开连接，准备重连
[2018/07/23 16:13:26.889257][i][439a344be] consumer成功连接到服务器

--------------------begin------------------------

[2018/07/23 16:15:34.639675][d][9e03cbd9c] publisher与服务器断开连接，准备重连
[2018/07/23 16:15:34.641292][i][9e03cbd9c] publisher成功连接到服务器
[2018/07/23 16:15:36.638476][d][dee39f55b] consumer与服务器断开连接，准备重连
[2018/07/23 16:15:36.639407][i][dee39f55b] consumer成功连接到服务器
[2018/07/23 16:16:42.642603][d][dee39f55b] consumer与服务器断开连接，准备重连
[2018/07/23 16:16:42.643687][i][dee39f55b] consumer成功连接到服务器
[2018/07/23 16:16:43.644612][d][9e03cbd9c] publisher与服务器断开连接，准备重连
[2018/07/23 16:16:43.646165][i][9e03cbd9c] publisher成功连接到服务器

---------------------end-------------------------

--------------------begin------------------------

[2018/07/23 16:23:00.663376][d][dee39f55b] consumer与服务器断开连接，准备重连
[2018/07/23 16:23:00.664589][i][dee39f55b] consumer成功连接到服务器
[2018/07/23 16:23:01.665865][d][9e03cbd9c] publisher与服务器断开连接，准备重连
[2018/07/23 16:23:01.666739][i][9e03cbd9c] publisher成功连接到服务器

---------------------end-------------------------

--------------------begin------------------------

[2018/07/23 16:28:25.685292][d][9e03cbd9c] publisher与服务器断开连接，准备重连
[2018/07/23 16:28:25.686319][i][9e03cbd9c] publisher成功连接到服务器
[2018/07/23 16:28:27.682462][d][dee39f55b] consumer与服务器断开连接，准备重连
[2018/07/23 16:28:27.683643][i][dee39f55b] consumer成功连接到服务器
